Input: 40

********************************************************************************
 ******************************************************************************
  ****************************************************************************
   **************************************************************************
    ************************************************************************
     **********************************************************************
      ********************************************************************
       ******************************************************************
        ****************************************************************
         **************************************************************
          ************************************************************
           **********************************************************
            ********************************************************
             ******************************************************
              ****************************************************
               **************************************************
                ************************************************
                 **********************************************
                  ********************************************
                   ******************************************
                    ****************************************
                     **************************************
                      ************************************
                       **********************************
                        ********************************
                         ******************************
                          ****************************
                           **************************
                            ************************
                             **********************
                              ********************
                               999999999999999999
                                8888888888888888
                                 77777777777777
                                  666666666666
                                   5555555555
                                    44444444
                                     333333
                                      2222
                                       11



Input: 12

************************
 **********************
  ********************
   999999999999999999
    8888888888888888
     77777777777777
      666666666666
       5555555555
        44444444
         333333
          2222
           11



Input: 2

2222
 11



Input: 1

11



Input: 50

****************************************************************************************************
 **************************************************************************************************
  ************************************************************************************************
   **********************************************************************************************
    ********************************************************************************************
     ******************************************************************************************
      ****************************************************************************************
       **************************************************************************************
        ************************************************************************************
         **********************************************************************************
          ********************************************************************************
           ******************************************************************************
            ****************************************************************************
             **************************************************************************
              ************************************************************************
               **********************************************************************
                ********************************************************************
                 ******************************************************************
                  ****************************************************************
                   **************************************************************
                    ************************************************************
                     **********************************************************
                      ********************************************************
                       ******************************************************
                        ****************************************************
                         **************************************************
                          ************************************************
                           **********************************************
                            ********************************************
                             ******************************************
                              ****************************************
                               **************************************
                                ************************************
                                 **********************************
                                  ********************************
                                   ******************************
                                    ****************************
                                     **************************
                                      ************************
                                       **********************
                                        ********************
                                         999999999999999999
                                          8888888888888888
                                           77777777777777
                                            666666666666
                                             5555555555
                                              44444444
                                               333333
                                                2222
                                                 11



Input: 0




